mai. 09, 2025 8:09:22 PM Loggers.Tarefas adicionarTarefa
INFORMAÇÕES: Tarefa adicionada: Estudar Java
mai. 09, 2025 8:09:22 PM Loggers.Tarefas adicionarTarefa
INFORMAÇÕES: Tarefa adicionada: Praticar programação
mai. 09, 2025 8:09:22 PM Loggers.Tarefas concluirTarefa
INFORMAÇÕES: Tarefa concluída: Estudar Java
mai. 09, 2025 8:20:55 PM Loggers.Tarefas adicionarTarefa
INFORMAÇÕES: Tarefa adicionada: Estudar Java
mai. 09, 2025 8:20:55 PM Loggers.Tarefas adicionarTarefa
INFORMAÇÕES: Tarefa adicionada: Praticar programação
mai. 09, 2025 8:20:55 PM Loggers.Tarefas concluirTarefa
INFORMAÇÕES: Tarefa concluída: Estudar Java
mai. 09, 2025 8:22:48 PM Loggers.Tarefas adicionarTarefa
INFORMAÇÕES: Tarefa adicionada: Estudar Java
mai. 09, 2025 8:22:48 PM Loggers.Tarefas adicionarTarefa
INFORMAÇÕES: Tarefa adicionada: Praticar programação
mai. 09, 2025 8:22:48 PM Loggers.Tarefas concluirTarefa
INFORMAÇÕES: Tarefa concluída: Estudar Java
mai. 09, 2025 8:30:24 PM Loggers.Tarefas adicionarTarefa
INFORMAÇÕES: Tarefa adicionada: Estudar Java
mai. 09, 2025 8:30:24 PM Loggers.Tarefas adicionarTarefa
INFORMAÇÕES: Tarefa adicionada: Praticar programação
mai. 09, 2025 8:30:24 PM Loggers.Tarefas concluirTarefa
INFORMAÇÕES: Tarefa concluída: Estudar Java
